SF:lib/src/file_manager.dart
DA:5,1
DA:6,1
DA:7,1
DA:8,2
DA:10,2
DA:13,1
DA:18,1
DA:21,1
DA:22,0
DA:25,3
LF:10
LH:9
end_of_record
SF:lib/src/cache_manager.dart
DA:5,9
DA:7,3
DA:11,6
DA:12,6
DA:13,6
DA:14,6
DA:15,6
DA:16,3
DA:19,3
DA:26,3
DA:27,3
DA:28,3
DA:29,1
DA:34,3
DA:38,3
DA:39,3
DA:40,3
DA:41,3
DA:42,0
DA:43,0
DA:49,3
DA:50,3
DA:51,6
DA:52,3
DA:54,3
DA:55,12
DA:57,0
DA:63,2
DA:64,2
DA:65,10
DA:70,12
DA:73,3
DA:76,2
DA:77,2
DA:78,4
DA:79,2
DA:84,1
DA:85,1
DA:86,2
DA:87,3
LF:40
LH:37
end_of_record
SF:lib/src/shared/translation_config.dart
DA:5,2
DA:11,2
DA:16,2
DA:24,2
DA:26,0
LF:5
LH:4
end_of_record
SF:lib/src/shared/translation_utils.dart
DA:7,2
DA:13,2
DA:15,6
DA:16,2
DA:17,2
DA:19,4
DA:29,2
DA:30,2
DA:31,4
DA:32,4
DA:33,0
DA:34,2
DA:36,4
DA:37,4
DA:39,6
LF:15
LH:14
end_of_record
SF:lib/src/translator.dart
DA:13,1
DA:17,0
DA:19,1
DA:20,2
DA:25,1
DA:31,1
DA:33,4
DA:34,1
DA:35,1
DA:39,1
DA:47,2
DA:48,0
DA:54,1
DA:56,0
DA:59,0
DA:63,1
DA:65,0
DA:68,0
DA:73,1
DA:76,1
DA:78,1
DA:81,1
DA:84,1
DA:88,2
DA:95,1
DA:96,2
DA:100,1
DA:101,2
DA:105,0
DA:112,0
DA:113,0
DA:119,0
DA:120,0
DA:122,0
DA:123,0
DA:125,0
DA:126,0
DA:127,0
DA:130,0
DA:131,0
DA:135,0
DA:136,0
DA:139,0
DA:143,0
DA:149,0
DA:151,0
DA:152,0
DA:153,0
DA:157,1
DA:158,2
DA:162,1
DA:163,2
DA:165,1
DA:166,3
DA:167,0
DA:168,1
DA:170,1
DA:171,3
DA:173,4
DA:177,1
DA:185,1
DA:186,1
DA:187,0
DA:188,0
DA:189,0
DA:194,1
DA:195,3
DA:196,1
DA:198,1
DA:199,1
DA:200,1
DA:201,1
DA:209,1
DA:210,2
DA:211,1
DA:218,1
DA:219,1
DA:220,2
DA:222,2
DA:223,1
DA:224,2
DA:231,2
DA:232,2
DA:233,4
DA:235,0
LF:85
LH:54
end_of_record
SF:lib/src/config_parser.dart
DA:7,1
DA:11,2
DA:12,1
DA:15,2
DA:17,3
DA:21,2
DA:24,1
DA:25,1
DA:29,4
DA:31,1
DA:32,0
DA:33,0
DA:37,1
DA:38,2
DA:39,2
DA:40,0
DA:44,3
DA:45,2
DA:46,0
DA:49,2
DA:50,1
DA:51,2
DA:52,0
DA:53,0
DA:54,1
DA:56,2
DA:57,2
DA:60,2
DA:61,0
DA:65,1
DA:66,1
DA:67,1
DA:68,1
DA:73,1
DA:74,2
DA:78,1
DA:79,1
DA:80,1
DA:81,1
DA:82,1
DA:83,1
LF:41
LH:34
end_of_record
SF:lib/src/translation_estimator.dart
DA:9,1
DA:12,3
DA:21,1
DA:23,1
DA:24,1
DA:25,2
DA:29,1
DA:30,2
DA:31,1
DA:35,2
DA:36,2
DA:37,3
DA:38,1
DA:39,1
DA:43,4
DA:45,2
DA:46,1
DA:54,1
DA:55,2
DA:56,0
DA:62,1
DA:63,2
DA:65,1
DA:66,1
DA:67,2
DA:68,2
DA:69,3
DA:70,1
DA:71,2
DA:72,3
DA:73,1
DA:74,2
DA:75,3
DA:76,1
DA:77,2
DA:78,1
DA:79,1
DA:80,1
DA:84,1
DA:86,1
DA:87,3
LF:41
LH:40
end_of_record
