SF:lib/src/file_manager.dart
DA:5,1
DA:6,1
DA:7,1
DA:8,0
DA:10,2
DA:13,1
DA:15,1
DA:18,1
DA:19,1
DA:22,3
LF:10
LH:9
end_of_record
SF:lib/src/config_parser.dart
DA:7,1
DA:13,2
DA:14,1
DA:15,2
DA:16,0
DA:17,0
DA:18,0
DA:20,0
DA:21,0
DA:24,1
DA:27,4
DA:28,1
DA:29,2
DA:31,1
DA:35,2
DA:36,0
DA:37,0
DA:38,1
DA:41,2
DA:42,0
DA:43,0
DA:44,1
LF:22
LH:13
end_of_record
SF:lib/src/translator.dart
DA:10,0
DA:13,0
DA:15,0
DA:16,0
DA:20,0
DA:21,0
DA:23,0
DA:24,0
DA:27,0
DA:30,0
DA:32,0
DA:35,0
DA:38,0
DA:44,0
DA:45,0
DA:49,0
DA:50,0
DA:54,0
DA:56,0
DA:57,0
DA:63,0
DA:64,0
DA:66,0
DA:67,0
DA:69,0
DA:70,0
DA:71,0
DA:73,0
DA:74,0
DA:77,0
DA:81,0
DA:83,0
DA:85,0
DA:87,0
DA:88,0
DA:92,0
DA:93,0
DA:97,0
DA:99,0
DA:100,0
DA:101,0
DA:103,0
DA:104,0
DA:106,0
DA:110,0
DA:112,0
DA:115,0
DA:116,0
DA:118,0
DA:119,0
DA:120,0
DA:121,0
DA:128,0
DA:129,0
DA:130,0
DA:137,0
DA:138,0
DA:139,0
DA:141,0
DA:142,0
DA:143,0
DA:150,0
DA:151,0
DA:152,0
DA:154,0
LF:65
LH:0
end_of_record
